<?xml version="1.0" encoding="UTF-8"?>
<!-- Generated by org.testng.reporters.JUnitReportReporter -->
<testsuite hostname="DESKTOP-5UDNHIJ" failures="0" tests="2" name="SeleniumDay17_Assertions.EnableDemo" time="0.020" errors="0" timestamp="3 Feb 2023 15:43:43 GMT">
  <testcase classname="SeleniumDay17_Assertions.EnableDemo" name="login" time="0.016"/>
  <testcase classname="SeleniumDay17_Assertions.EnableDemo" name="logout" time="0.004"/>
</testsuite> <!-- SeleniumDay17_Assertions.EnableDemo -->
