<?xml version="1.0" encoding="UTF-8"?>
<!-- Generated by org.testng.reporters.JUnitReportReporter -->
<testsuite hostname="DESKTOP-5UDNHIJ" failures="0" tests="1" name="SeleniumDay17_Assertions.AssertFalseDemo" time="5.925" errors="0" timestamp="3 Feb 2023 15:25:10 GMT">
  <testcase classname="SeleniumDay17_Assertions.AssertFalseDemo" name="verifyLoginPage" time="5.925"/>
</testsuite> <!-- SeleniumDay17_Assertions.AssertFalseDemo -->
