<?xml version="1.0" encoding="UTF-8"?>
<!-- Generated by org.testng.reporters.JUnitReportReporter -->
<testsuite hostname="DESKTOP-5UDNHIJ" failures="0" tests="5" name="SeleniumDay16_TestngAnnotation.PriorityAdvance" time="0.059" errors="0" timestamp="2 Feb 2023 15:20:47 GMT">
  <testcase classname="SeleniumDay16_TestngAnnotation.PriorityAdvance" name="method2" time="0.011"/>
  <testcase classname="SeleniumDay16_TestngAnnotation.PriorityAdvance" name="method4" time="0.002"/>
  <testcase classname="SeleniumDay16_TestngAnnotation.PriorityAdvance" name="method1" time="0.031"/>
  <testcase classname="SeleniumDay16_TestngAnnotation.PriorityAdvance" name="method3" time="0.009"/>
  <testcase classname="SeleniumDay16_TestngAnnotation.PriorityAdvance" name="method10" time="0.006"/>
</testsuite> <!-- SeleniumDay16_TestngAnnotation.PriorityAdvance -->
