<?xml version="1.0" encoding="UTF-8"?>
<!-- Generated by org.testng.reporters.JUnitReportReporter -->
<testsuite hostname="DESKTOP-5UDNHIJ" failures="0" tests="1" name="SeleniumDay18_Grouping.GroupBydemo" time="0.021" errors="0" timestamp="4 Feb 2023 15:33:33 GMT">
  <testcase classname="SeleniumDay18_Grouping.GroupBydemo" name="tc2" time="0.021"/>
</testsuite> <!-- SeleniumDay18_Grouping.GroupBydemo -->
