<?xml version="1.0" encoding="UTF-8"?>
<!-- Generated by org.testng.reporters.JUnitReportReporter -->
<testsuite hostname="DESKTOP-5UDNHIJ" failures="0" tests="3" name="SeleniumDay16_TestngAnnotation.TestngDemo1" time="0.065" errors="0" timestamp="2 Feb 2023 15:51:57 GMT">
  <testcase classname="SeleniumDay16_TestngAnnotation.TestngDemo1" name="tc3" time="0.023"/>
  <testcase classname="SeleniumDay16_TestngAnnotation.TestngDemo1" name="tc1" time="0.036"/>
  <testcase classname="SeleniumDay16_TestngAnnotation.TestngDemo1" name="tc2" time="0.006"/>
</testsuite> <!-- SeleniumDay16_TestngAnnotation.TestngDemo1 -->
