<?xml version="1.0" encoding="UTF-8"?>
<!-- Generated by org.testng.reporters.JUnitReportReporter -->
<testsuite hostname="DESKTOP-5UDNHIJ" failures="0" tests="1" name="SeleniumDay18_Grouping.ClassOne" time="5.004" errors="0" timestamp="4 Feb 2023 15:41:08 GMT">
  <testcase classname="SeleniumDay18_Grouping.ClassOne" name="tc1" time="5.004"/>
</testsuite> <!-- SeleniumDay18_Grouping.ClassOne -->
