<?xml version="1.0" encoding="UTF-8"?>
<!-- Generated by org.testng.reporters.JUnitReportReporter -->
<testsuite hostname="DESKTOP-5UDNHIJ" failures="0" tests="3" name="SeleniumDay16_TestngAnnotation.PriorityDemo" time="0.068" errors="0" timestamp="2 Feb 2023 15:18:10 GMT">
  <testcase classname="SeleniumDay16_TestngAnnotation.PriorityDemo" name="amethod" time="0.039"/>
  <testcase classname="SeleniumDay16_TestngAnnotation.PriorityDemo" name="bmethod" time="0.005"/>
  <testcase classname="SeleniumDay16_TestngAnnotation.PriorityDemo" name="cmethod" time="0.024"/>
</testsuite> <!-- SeleniumDay16_TestngAnnotation.PriorityDemo -->
