<?xml version="1.0" encoding="UTF-8"?>
<!-- Generated by org.testng.reporters.JUnitReportReporter -->
<testsuite hostname="DESKTOP-5UDNHIJ" failures="0" tests="5" name="SeleniumDay16_TestngAnnotation.InvocationCount" time="0.047" errors="0" timestamp="2 Feb 2023 15:27:00 GMT">
  <testcase classname="SeleniumDay16_TestngAnnotation.InvocationCount" name="m1" time="0.003"/>
  <testcase classname="SeleniumDay16_TestngAnnotation.InvocationCount" name="m1" time="0.008"/>
  <testcase classname="SeleniumDay16_TestngAnnotation.InvocationCount" name="m1" time="0.022"/>
  <testcase classname="SeleniumDay16_TestngAnnotation.InvocationCount" name="m1" time="0.002"/>
  <testcase classname="SeleniumDay16_TestngAnnotation.InvocationCount" name="m1" time="0.012"/>
</testsuite> <!-- SeleniumDay16_TestngAnnotation.InvocationCount -->
