<?xml version="1.0" encoding="UTF-8"?>
<!-- Generated by org.testng.reporters.JUnitReportReporter -->
<testsuite hostname="DESKTOP-5UDNHIJ" failures="0" tests="1" name="SeleniumDay18_Grouping.ClassTwo" time="5.021" errors="0" timestamp="4 Feb 2023 15:41:08 GMT">
  <testcase classname="SeleniumDay18_Grouping.ClassTwo" name="tc2" time="5.021"/>
</testsuite> <!-- SeleniumDay18_Grouping.ClassTwo -->
