<?xml version="1.0" encoding="UTF-8"?>
<!-- Generated by org.testng.reporters.JUnitReportReporter -->
<testsuite hostname="DESKTOP-5UDNHIJ" failures="0" tests="4" name="SeleniumDay20_DataProvider.TestScript" time="53.046" errors="0" timestamp="7 Feb 2023 02:12:15 GMT">
  <testcase classname="SeleniumDay20_DataProvider.TestScript" name="TestCase1" time="11.869"/>
  <testcase classname="SeleniumDay20_DataProvider.TestScript" name="TestCase1" time="15.869"/>
  <testcase classname="SeleniumDay20_DataProvider.TestScript" name="TestCase1" time="12.141"/>
  <testcase classname="SeleniumDay20_DataProvider.TestScript" name="TestCase1" time="13.167"/>
</testsuite> <!-- SeleniumDay20_DataProvider.TestScript -->
