<?xml version="1.0" encoding="UTF-8"?>
<!-- Generated by org.testng.reporters.JUnitReportReporter -->
<testsuite hostname="DESKTOP-5UDNHIJ" failures="0" tests="1" name="SeleniumDay21_POMBYClass.AddUserTestScript" time="8.320" errors="0" timestamp="8 Feb 2023 02:30:51 GMT">
  <testcase classname="SeleniumDay21_POMBYClass.AddUserTestScript" name="verifyAddUser" time="8.320"/>
</testsuite> <!-- SeleniumDay21_POMBYClass.AddUserTestScript -->
