<?xml version="1.0" encoding="UTF-8"?>
<!-- Generated by org.testng.reporters.JUnitReportReporter -->
<testsuite hostname="DESKTOP-5UDNHIJ" failures="0" tests="6" name="SeleniumDay16_TestngAnnotation.TestClass" time="0.116" errors="0" timestamp="2 Feb 2023 15:51:57 GMT">
  <testcase classname="SeleniumDay16_TestngAnnotation.TestClass" name="tc2" time="0.014"/>
  <testcase classname="SeleniumDay16_TestngAnnotation.TestClass" name="tc1" time="0.029"/>
  <testcase classname="SeleniumDay16_TestngAnnotation.TestClass" name="tc2" time="0.012"/>
  <testcase classname="SeleniumDay16_TestngAnnotation.TestClass" name="tc2" time="0.033"/>
  <testcase classname="SeleniumDay16_TestngAnnotation.TestClass" name="tc2" time="0.009"/>
  <testcase classname="SeleniumDay16_TestngAnnotation.TestClass" name="tc2" time="0.019"/>
</testsuite> <!-- SeleniumDay16_TestngAnnotation.TestClass -->
