<?xml version="1.0" encoding="UTF-8"?>
<!-- Generated by org.testng.reporters.JUnitReportReporter -->
<testsuite hostname="DESKTOP-5UDNHIJ" failures="0" tests="1" name="SeleniumDay18_Grouping.ClassThree" time="5.025" errors="0" timestamp="4 Feb 2023 15:41:08 GMT">
  <testcase classname="SeleniumDay18_Grouping.ClassThree" name="tc3" time="5.025"/>
</testsuite> <!-- SeleniumDay18_Grouping.ClassThree -->
