<?xml version="1.0" encoding="UTF-8"?>
<!-- Generated by org.testng.reporters.JUnitReportReporter -->
<testsuite hostname="DESKTOP-5UDNHIJ" failures="0" tests="1" name="SeleniumDay15_DesiredCapabilties.TestNGDemo1" time="0.043" errors="0" timestamp="1 Feb 2023 15:29:01 GMT">
  <testcase classname="SeleniumDay15_DesiredCapabilties.TestNGDemo1" name="m1" time="0.043"/>
</testsuite> <!-- SeleniumDay15_DesiredCapabilties.TestNGDemo1 -->
